2023-12-18 07:44:43 INFO  com.style.StyleMasterV2Application -Starting StyleMasterV2Application using Java 21.0.1 with PID 2984 (D:\Transformation\StyleMasterV2\target\classes started by MSI in D:\Transformation\StyleMasterV2)
2023-12-18 07:44:43 INFO  com.style.StyleMasterV2Application -No active profile set, falling back to 1 default profile: "default"
2023-12-18 07:44:43 INFO  o.s.b.d.e.DevToolsPropertyDefaultsPostProcessor -Devtools property defaults active! Set 'spring.devtools.add-properties' to 'false' to disable
2023-12-18 07:44:43 INFO  o.s.b.d.e.DevToolsPropertyDefaultsPostProcessor -For additional web related logging consider setting the 'logging.level.web' property to 'DEBUG'
2023-12-18 07:44:44 INFO  o.s.d.r.c.RepositoryConfigurationDelegate -Bootstrapping Spring Data JPA repositories in DEFAULT mode.
2023-12-18 07:44:44 INFO  o.s.d.r.c.RepositoryConfigurationDelegate -Finished Spring Data repository scanning in 30 ms. Found 5 JPA repository interfaces.
2023-12-18 07:44:44 INFO  o.s.b.w.e.tomcat.TomcatWebServer -Tomcat initialized with port 8180 (http)
2023-12-18 07:44:44 INFO  o.a.catalina.core.StandardService -Starting service [Tomcat]
2023-12-18 07:44:44 INFO  o.a.catalina.core.StandardEngine -Starting Servlet engine: [Apache Tomcat/10.1.16]
2023-12-18 07:44:44 INFO  o.a.c.c.C.[Tomcat].[localhost].[/] -Initializing Spring embedded WebApplicationContext
2023-12-18 07:44:44 INFO  o.s.b.w.s.c.ServletWebServerApplicationContext -Root WebApplicationContext: initialization completed in 1083 ms
2023-12-18 07:44:44 INFO  com.zaxxer.hikari.HikariDataSource -HikariPool-1 - Starting...
2023-12-18 07:44:44 INFO  com.zaxxer.hikari.pool.PoolBase -HikariPool-1 - Driver does not support get/set network timeout for connections. (null)
2023-12-18 07:44:44 INFO  com.zaxxer.hikari.pool.HikariPool -HikariPool-1 - Added connection net.sourceforge.jtds.jdbc.JtdsConnection@480a490e
2023-12-18 07:44:44 INFO  com.zaxxer.hikari.HikariDataSource -HikariPool-1 - Start completed.
2023-12-18 07:44:44 INFO  o.h.jpa.internal.util.LogHelper -HHH000204: Processing PersistenceUnitInfo [name: default]
2023-12-18 07:44:44 INFO  org.hibernate.Version -HHH000412: Hibernate ORM core version 6.3.1.Final
2023-12-18 07:44:44 INFO  o.h.c.i.RegionFactoryInitiator -HHH000026: Second-level cache disabled
2023-12-18 07:44:45 INFO  o.s.o.j.p.SpringPersistenceUnitInfo -No LoadTimeWeaver setup: ignoring JPA class transformer
2023-12-18 07:44:45 INFO  o.h.e.t.j.p.i.JtaPlatformInitiator -HHH000489: No JTA platform available (set 'hibernate.transaction.jta.platform' to enable JTA platform integration)
2023-12-18 07:44:45 INFO  o.s.o.j.LocalContainerEntityManagerFactoryBean -Initialized JPA EntityManagerFactory for persistence unit 'default'
2023-12-18 07:44:45 INFO  o.s.d.j.r.query.QueryEnhancerFactory -Hibernate is in classpath; If applicable, HQL parser will be used.
2023-12-18 07:44:45 WARN  o.s.b.a.o.j.JpaBaseConfiguration$JpaWebConfiguration -spring.jpa.open-in-view is enabled by default. Therefore, database queries may be performed during view rendering. Explicitly configure spring.jpa.open-in-view to disable this warning
2023-12-18 07:44:46 INFO  o.s.b.d.a.OptionalLiveReloadServer -LiveReload server is running on port 35729
2023-12-18 07:44:46 INFO  o.s.b.w.e.tomcat.TomcatWebServer -Tomcat started on port 8180 (http) with context path ''
2023-12-18 07:44:46 INFO  com.style.StyleMasterV2Application -Started StyleMasterV2Application in 2.922 seconds (process running for 3.423)
2023-12-18 07:44:52 INFO  o.a.c.c.C.[Tomcat].[localhost].[/] -Initializing Spring DispatcherServlet 'dispatcherServlet'
2023-12-18 07:44:52 INFO  o.s.web.servlet.DispatcherServlet -Initializing Servlet 'dispatcherServlet'
2023-12-18 07:44:52 INFO  o.s.web.servlet.DispatcherServlet -Completed initialization in 1 ms
2023-12-18 07:44:52 INFO  com.style.entity.GetOverView -Get All StyleMaster
2023-12-18 07:46:27 INFO  o.s.o.j.LocalContainerEntityManagerFactoryBean -Closing JPA EntityManagerFactory for persistence unit 'default'
2023-12-18 07:46:27 INFO  com.zaxxer.hikari.HikariDataSource -HikariPool-1 - Shutdown initiated...
2023-12-18 07:46:27 INFO  com.zaxxer.hikari.HikariDataSource -HikariPool-1 - Shutdown completed.
